Array
(
    [category] => kuliah
    [amount] => 370000
    [date] => 2024-11-30
)
Request received: 2024-11-29 02:52:18
Request received: 2024-11-29 02:52:18
Request received: 2024-11-29 02:56:28
Request received: 2024-11-29 02:56:29
Request received: 2024-11-29 02:56:30
Request received: 2024-11-29 02:57:31
Request received: 2024-11-29 03:03:28
Request received: 2024-11-29 03:03:30
Request received: 2024-11-29 03:03:31
Request received: 2024-11-29 03:03:33
Request received: 2024-11-29 03:03:34
Request received: 2024-11-29 03:03:35
Request received: 2024-11-29 03:03:35
Request received: 2024-11-29 03:03:36
Request received: 2024-11-29 03:19:50
Request received: 2024-11-29 03:19:50
Request received: 2024-11-29 03:20:18
Request received: 2024-11-29 03:20:18
Request received: 2024-11-29 03:38:07
Request received: 2024-11-29 03:38:07
Request received: 2024-11-29 03:38:10
Request received: 2024-11-29 03:38:11
Request received: 2024-11-29 03:38:13
Request received: 2024-11-29 03:52:18
Request received: 2024-11-29 03:59:00
Request received: 2024-11-29 04:00:18
Request received: 2024-11-29 04:02:50
Request received: 2024-11-29 04:03:10
Request received: 2024-11-29 04:03:11
Request received: 2024-11-29 04:03:28
Request received: 2024-11-29 04:03:40
Request received: 2024-11-29 04:30:41
Request received: 2024-11-29 04:32:00
Request received: 2024-11-29 04:32:00
Request received: 2024-11-29 04:40:27
Request received: 2024-11-29 04:49:28
Request received: 2024-11-29 04:49:28
Request received: 2024-11-29 04:49:40
Request received: 2024-11-29 04:49:40
Request received: 2024-11-29 04:49:43
Request received: 2024-11-29 04:49:43
Request received: 2024-11-29 04:49:43
Request received: 2024-11-29 04:49:44
Request received: 2024-11-29 04:49:44
Request received: 2024-11-29 04:49:44
Request received: 2024-11-29 04:49:46
Request received: 2024-11-29 04:49:46
Request received: 2024-11-29 04:49:47
Request received: 2024-11-29 04:49:47
Request received: 2024-11-29 04:49:50
Request received: 2024-11-29 04:49:51
Request received: 2024-11-29 04:49:51
Request received: 2024-11-29 04:49:52
Request received: 2024-11-29 04:49:53
Request received: 2024-11-29 04:49:56
Request received: 2024-11-29 04:49:56
Request received: 2024-11-29 04:50:04
Request received: 2024-11-29 04:50:04
Request received: 2024-11-29 04:50:05
Request received: 2024-11-29 04:50:06
Request received: 2024-11-29 04:50:15
Request received: 2024-11-29 04:50:16
Request received: 2024-11-29 04:50:17
Request received: 2024-11-29 04:50:18
Request received: 2024-11-29 04:50:18
Request received: 2024-11-29 04:50:20
Request received: 2024-11-29 04:50:21
Request received: 2024-11-29 04:50:21
Request received: 2024-11-29 04:50:22
Request received: 2024-11-29 04:50:22
Request received: 2024-11-29 04:52:22
Request received: 2024-11-29 04:52:22
Request received: 2024-11-29 04:52:23
Request received: 2024-11-29 04:52:26
Request received: 2024-11-29 04:52:26
Request received: 2024-11-29 04:52:27
Request received: 2024-11-29 04:52:29
Request received: 2024-11-29 04:52:29
Request received: 2024-11-29 04:52:30
Request received: 2024-11-29 04:54:13
Request received: 2024-11-29 04:54:13
Request received: 2024-11-29 04:54:16
Request received: 2024-11-29 04:54:17
Request received: 2024-11-29 04:54:18
Request received: 2024-11-29 04:54:53
Request received: 2024-11-29 04:54:54
Request received: 2024-11-29 04:59:41
Request received: 2024-11-29 04:59:50
Request received: 2024-11-29 04:59:51
Request received: 2024-11-29 04:59:52
Request received: 2024-11-29 04:59:53
Request received: 2024-11-29 05:01:59
Request received: 2024-11-29 05:03:58
Request received: 2024-11-29 05:05:28
Request received: 2024-11-29 05:07:12
Request received: 2024-11-29 05:07:12
Request received: 2024-11-29 05:07:13
Request received: 2024-11-29 05:07:18
Request received: 2024-11-29 05:07:18
Request received: 2024-11-29 05:07:19
Request received: 2024-11-29 05:07:20
Request received: 2024-11-29 05:07:21
Request received: 2024-11-29 05:10:15
Request received: 2024-11-29 05:10:15
Request received: 2024-11-29 05:10:16
Request received: 2024-11-29 05:10:17
Request received: 2024-11-29 05:15:11
Request received: 2024-11-29 05:15:35
Request received: 2024-11-29 05:15:46
Request received: 2024-11-29 05:24:52
Request received: 2024-11-29 05:24:52
Request received: 2024-11-29 05:25:12
Request received: 2024-11-29 05:25:12
Request received: 2024-11-29 05:28:58
Request received: 2024-11-29 05:30:09
Request received: 2024-11-29 05:30:48
Request received: 2024-11-29 05:32:25
Request received: 2024-11-29 05:33:02
Request received: 2024-11-29 07:10:58
Request received: 2024-11-29 07:18:29
Request received: 2024-11-29 07:21:13
Request received: 2024-11-29 07:21:29
Request received: 2024-11-29 07:33:55
Request received: 2024-11-29 07:34:14
Request received: 2024-11-29 07:35:29
Request received: 2024-11-29 07:35:31
Request received: 2024-11-29 07:35:31
Request received: 2024-11-29 07:35:36
Request received: 2024-11-29 07:35:36
Request received: 2024-11-29 07:35:37
Request received: 2024-11-29 07:35:37
Request received: 2024-11-29 07:36:57
Request received: 2024-11-29 07:37:23
Request received: 2024-11-29 07:55:07
Request received: 2024-11-29 07:55:25
Request received: 2024-11-29 07:55:38
Request received: 2024-11-29 07:58:41
Request received: 2024-11-29 07:58:49
Request received: 2024-11-29 07:59:08
Request received: 2024-11-29 07:59:11
Request received: 2024-11-29 07:59:21
Request received: 2024-11-29 07:59:23
Request received: 2024-11-29 07:59:23
Request received: 2024-11-29 07:59:23
Request received: 2024-11-29 07:59:23
Request received: 2024-11-29 08:05:33
Request received: 2024-11-29 08:05:44
Request received: 2024-11-29 08:06:07
Request received: 2024-11-29 08:06:17
Request received: 2024-11-29 08:10:52
Request received: 2024-11-29 08:11:02
Request received: 2024-11-29 08:11:39
Request received: 2024-11-29 08:11:47
Request received: 2024-11-29 08:11:48
Request received: 2024-11-29 08:12:17
Request received: 2024-11-29 08:13:17
Request received: 2024-11-29 08:13:24
Request received: 2024-11-29 08:13:26
Request received: 2024-11-29 08:19:43
Request received: 2024-11-29 08:19:55
Request received: 2024-11-29 08:19:55
Request received: 2024-11-29 08:31:06
Request received: 2024-11-29 08:31:06
Request received: 2024-11-29 08:31:29
Request received: 2024-11-29 08:31:29
Request received: 2024-11-29 08:31:46
Request received: 2024-11-29 08:31:46
Request received: 2024-11-29 08:34:04
Request received: 2024-11-29 08:34:04
Request received: 2024-11-29 08:34:06
Request received: 2024-11-29 08:34:08
Request received: 2024-11-29 08:34:09
Request received: 2024-11-29 08:42:40
Request received: 2024-11-29 08:43:01
Request received: 2024-11-29 08:44:23
Request received: 2024-11-29 08:44:34
Request received: 2024-11-29 08:45:12
Request received: 2024-11-29 08:45:21
Request received: 2024-11-29 08:46:32
Request received: 2024-11-29 08:47:33
Request received: 2024-11-29 08:47:57
Request received: 2024-11-29 08:48:10
Request received: 2024-11-29 08:48:16
Request received: 2024-11-29 08:55:43
Request received: 2024-11-29 08:57:22
Request received: 2024-11-29 08:57:22
Request received: 2024-11-29 09:00:18
Request received: 2024-11-29 09:00:18
Request received: 2024-11-29 09:00:30
Request received: 2024-11-29 09:00:30
Request received: 2024-11-29 09:00:55
Request received: 2024-11-29 09:00:55
Request received: 2024-11-29 09:01:00
Request received: 2024-11-29 09:01:00
Request received: 2024-11-29 09:04:20
Request received: 2024-11-29 09:04:20
Request received: 2024-11-29 09:06:09
Request received: 2024-11-29 09:06:09
Request received: 2024-11-29 09:06:50
Request received: 2024-11-29 09:13:21
Request received: 2024-11-29 09:13:21
Request received: 2024-11-29 09:14:42
Request received: 2024-11-29 09:14:42
Request received: 2024-11-29 09:14:43
Request received: 2024-11-29 09:14:43
Request received: 2024-11-29 09:14:56
Request received: 2024-11-29 09:14:56
Request received: 2024-11-29 09:15:20
Request received: 2024-11-29 09:15:20
Request received: 2024-11-29 09:15:56
Request received: 2024-11-29 09:15:56
Request received: 2024-11-29 09:17:02
Request received: 2024-11-29 09:17:02
Request received: 2024-11-29 09:17:05
Request received: 2024-11-29 09:17:05
Request received: 2024-11-29 09:17:24
Request received: 2024-11-29 09:17:24
Request received: 2024-11-29 09:19:34
Request received: 2024-11-29 09:19:34
Request received: 2024-11-29 09:23:21
Request received: 2024-11-29 09:23:21
Request received: 2024-11-29 09:23:44
Request received: 2024-11-29 09:23:44
Request received: 2024-11-29 09:23:48
Request received: 2024-11-29 09:23:48
Request received: 2024-11-29 09:24:02
Request received: 2024-11-29 09:24:02
Request received: 2024-11-29 09:24:12
Request received: 2024-11-29 09:24:12
Request received: 2024-11-29 09:33:57
Request received: 2024-11-29 09:33:57
Request received: 2024-11-29 09:34:04
Request received: 2024-11-29 09:34:04
Request received: 2024-11-29 09:49:07
Request received: 2024-11-29 09:49:07
Request received: 2024-11-29 09:49:15
Request received: 2024-11-29 09:49:15
Request received: 2024-11-29 09:52:37
